********************************************************************************
DUPLICATOR-LITE PACKAGE-LOG: 12/12/2020 19:36
NOTICE: Do NOT post to public sites or forums 
********************************************************************************
VERSION:	1.3.40
WORDPRESS:	5.4.4
PHP INFO:	7.3.8 | SAPI: apache2handler
SERVER:		Apache/2.2.34 (Unix) mod_wsgi/3.5 Python/2.7.13 PHP/7.3.8 mod_ssl/2.2.34 OpenSSL/1.0.2o DAV/2 mod_fastcgi/mod_fastcgi-SNAP-0910052141 mod_perl/2.0.10 Perl/v5.24.0 
PHP TIME LIMIT: (0) no time limit imposed 
PHP MAX MEMORY: 4294967296 (128M default) 
MEMORY STACK: 4MB

********************************************************************************
DATABASE:
********************************************************************************
BUILD MODE:   PHP(query limit - 100)
MYSQLTIMEOUT: 5000
MYSQLDUMP:    Not Supported
TABLES: total:13 | filtered:0 | create:13
FILTERED: []
SQL CREATED: 20200729_templateboostrap_1e25ddebd2e8b6782899_20201212193612_database.sql
SQL FILE SIZE: 887.73KB (909037)
SQL FILE TIME: 2020-12-12 19:36:19
SQL RUNTIME: 0.18 sec.

********************************************************************************
ARCHIVE (ZIP):
********************************************************************************
ARCHIVE DIR:  /Applications/MAMP/htdocs/jogamais
ARCHIVE FILE: 20200729_templateboostrap_1e25ddebd2e8b6782899_20201212193612_archive.zip
FILTERS: *OFF*
DIRS:
	not set
FILES:
	not set
EXTS:  not set
----------------------------------------
COMPRESSING
SIZE:	71.53MB
STATS:	Dirs 292 | Files 2,606
SQL ADDED: 20200729_templateboostrap_1e25ddebd2e8b6782899_20201212193612_database.sql
ZipArchive Object
(
    [status] => 0
    [statusSys] => 0
    [numFiles] => 2898
    [filename] => /Applications/MAMP/htdocs/jogamais/wp-content/backups-dup-lite/tmp/20200729_templateboostrap_1e25ddebd2e8b6782899_20201212193612_archive.zip
    [comment] => 
)

FILE ADDED TO ZIP: 2897
COMPRESSION RESULT: '1'
COMPRESSED SIZE: 31.4MB
ARCHIVE RUNTIME: 17.11 sec.
MEMORY STACK: 6MB
building installer
add_extra_files1
add_extra_files2
add_extra_files3
add_extra_files4
Doing archive file check
add_extra_files5
add_extra_files6
add_extra_files8
Successfully opened zip /Applications/MAMP/htdocs/jogamais/wp-content/backups-dup-lite/tmp/20200729_templateboostrap_1e25ddebd2e8b6782899_20201212193612_archive.zip
Adding enhanced installer files to archive using ZipArchive
Installer files added to archive
Added to archive
After ziparchive close when adding installer

********************************************************************************
INTEGRITY CHECKS:
********************************************************************************
SQL FILE: 887.73KB
INSTALLER FILE: 61.32KB
ARCHIVE FILE: 32.89MB 
EXPECTED FILE/DIRECTORY COUNT: 2,898
ACTUAL FILE/DIRECTORY COUNT: 2,897
ARCHIVE CONSISTENCY TEST: Pass

********************************************************************************
RECORD ID:[1]
TOTAL PROCESS RUNTIME: 20.23 sec.
PEAK PHP MEMORY USED: 8MB
DONE PROCESSING => 20200729_templateboostrap 12/12/2020 19:36

